<?xml version="1.0" encoding="UTF-8"?>
<!-- Generated by org.testng.reporters.JUnitXMLReporter -->
<testsuite ignored="2" hostname="DESKTOP-U9123IR" failures="0" tests="1" name="Default test" time="1.436" errors="0" timestamp="2023-02-25T17:14:50 GET">
  <testcase classname="day4.ParsingJSONResponseData" name="testJsonResponseBodyData" time="1.397"/>
  <testcase classname="day4.ParsingJSONResponseData" name="testJsonResponse" time="0.0">
    <ignored/>
  </testcase> <!-- testJsonResponse -->
  <testcase classname="day4.ParsingJSONResponseData" name="testJsonResponseUsingObject" time="0.0">
    <ignored/>
  </testcase> <!-- testJsonResponseUsingObject -->
</testsuite> <!-- Default test -->
