<?xml version="1.0" encoding="UTF-8"?>
<!-- Generated by org.testng.reporters.JUnitXMLReporter -->
<testsuite ignored="2" hostname="DESKTOP-U9123IR" failures="0" tests="1" name="Default test" time="3.676" errors="0" timestamp="2023-02-27T14:55:10 GET">
  <testcase classname="day5.ParsingXMLResponse" name="testXMLResponseWithObjectDifferentValidations" time="3.622"/>
  <testcase classname="day5.ParsingXMLResponse" name="testXMLResponseWithObject" time="0.0">
    <ignored/>
  </testcase> <!-- testXMLResponseWithObject -->
  <testcase classname="day5.ParsingXMLResponse" name="testXMLResponse" time="0.0">
    <ignored/>
  </testcase> <!-- testXMLResponse -->
</testsuite> <!-- Default test -->
