<?xml version="1.0" encoding="UTF-8"?>
<testng-results ignored="2" total="3" passed="1" failed="0" skipped="0">
  <reporter-output>
  </reporter-output>
  <suite started-at="2023-02-25T17:14:48 GET" name="Default suite" finished-at="2023-02-25T17:14:50 GET" duration-ms="1436">
    <groups>
    </groups>
    <test started-at="2023-02-25T17:14:48 GET" name="Default test" finished-at="2023-02-25T17:14:50 GET" duration-ms="1436">
      <class name="day4.ParsingJSONResponseData">
        <test-method signature="testJsonResponseBodyData()[pri:3, instance:day4.ParsingJSONResponseData@6356695f]" started-at="2023-02-25T17:14:48 GET" name="testJsonResponseBodyData" finished-at="2023-02-25T17:14:50 GET" duration-ms="1397" status="PASS">
          <reporter-output>
          </reporter-output>
        </test-method> <!-- testJsonResponseBodyData -->
      </class> <!-- day4.ParsingJSONResponseData -->
    </test> <!-- Default test -->
  </suite> <!-- Default suite -->
</testng-results>
